[debug] [2020-06-22T20:01:16.627Z] ----------------------------------------------------------------------
[debug] [2020-06-22T20:01:16.629Z] Command:       /usr/local/bin/node /usr/local/bin/firebase deploy
[debug] [2020-06-22T20:01:16.629Z] CLI Version:   8.4.3
[debug] [2020-06-22T20:01:16.629Z] Platform:      darwin
[debug] [2020-06-22T20:01:16.629Z] Node Version:  v12.18.0
[debug] [2020-06-22T20:01:16.630Z] Time:          Tue Jun 23 2020 01:31:16 GMT+0530 (India Standard Time)
[debug] [2020-06-22T20:01:16.630Z] ----------------------------------------------------------------------
[debug] [2020-06-22T20:01:16.630Z] 
[debug] [2020-06-22T20:01:16.642Z] > command requires scopes: ["email","openid","https://www.googleapis.com/auth/cloudplatformprojects.readonly","https://www.googleapis.com/auth/firebase","https://www.googleapis.com/auth/cloud-platform"]
[debug] [2020-06-22T20:01:16.643Z] > authorizing via signed-in user
[debug] [2020-06-22T20:01:16.643Z] [iam] checking project ipod-reactjs for permissions ["firebase.projects.get","firebasehosting.sites.update"]
[debug] [2020-06-22T20:01:16.646Z] >>> HTTP REQUEST POST https://cloudresourcemanager.googleapis.com/v1/projects/ipod-reactjs:testIamPermissions  
 {"permissions":["firebase.projects.get","firebasehosting.sites.update"]}
[debug] [2020-06-22T20:01:18.222Z] <<< HTTP RESPONSE 200 {"content-type":"application/json; charset=UTF-8","vary":"X-Origin, Referer, Origin,Accept-Encoding","date":"Mon, 22 Jun 2020 20:01:18 GMT","server":"ESF","cache-control":"private","x-xss-protection":"0","x-frame-options":"SAMEORIGIN","x-content-type-options":"nosniff","server-timing":"gfet4t7; dur=1353","alt-svc":"h3-28=\":443\"; ma=2592000,h3-27=\":443\"; ma=2592000,h3-25=\":443\"; ma=2592000,h3-T050=\":443\"; ma=2592000,h3-Q050=\":443\"; ma=2592000,h3-Q049=\":443\"; ma=2592000,h3-Q048=\":443\"; ma=2592000,h3-Q046=\":443\"; ma=2592000,h3-Q043=\":443\"; ma=2592000,quic=\":443\"; ma=2592000; v=\"46,43\"","accept-ranges":"none","transfer-encoding":"chunked"}
[debug] [2020-06-22T20:01:18.225Z] >>> HTTP REQUEST GET https://firebase.googleapis.com/v1beta1/projects/ipod-reactjs  
 
[debug] [2020-06-22T20:01:18.654Z] <<< HTTP RESPONSE 200 {"content-type":"application/json; charset=UTF-8","vary":"X-Origin, Referer, Origin,Accept-Encoding","date":"Mon, 22 Jun 2020 20:01:18 GMT","server":"ESF","cache-control":"private","x-xss-protection":"0","x-frame-options":"SAMEORIGIN","x-content-type-options":"nosniff","alt-svc":"h3-28=\":443\"; ma=2592000,h3-27=\":443\"; ma=2592000,h3-25=\":443\"; ma=2592000,h3-T050=\":443\"; ma=2592000,h3-Q050=\":443\"; ma=2592000,h3-Q049=\":443\"; ma=2592000,h3-Q048=\":443\"; ma=2592000,h3-Q046=\":443\"; ma=2592000,h3-Q043=\":443\"; ma=2592000,quic=\":443\"; ma=2592000; v=\"46,43\"","accept-ranges":"none","transfer-encoding":"chunked"}
[info] 
[info] === Deploying to 'ipod-reactjs'...
[info] 
[info] i  deploying hosting 
[debug] [2020-06-22T20:01:18.659Z] >>> HTTP REQUEST POST https://firebasehosting.googleapis.com/v1beta1/sites/ipod-reactjs/versions  
 {"config":{"rewrites":[{"glob":"**","path":"/index.html"}]},"labels":{"deployment-tool":"cli-firebase"}}
